<?xml version="1.0" encoding="UTF-8"?>
<!-- Generated by org.testng.reporters.JUnitReportReporter -->
<testsuite hostname="DESKTOP-SNUGBNA" failures="0" tests="1" name="mar24.orangehrm" time="0.610" errors="0" timestamp="2023-04-15T22:50:44 IST" skipped="0">
  <testcase classname="mar24.orangehrm" name="Admintest" time="0.610"/>
  <system-out>
    <![CDATA[Admin Login Success::OrangeHRM   OrangeHRM]]>
  </system-out>
</testsuite> <!-- mar24.orangehrm -->
